   重点打造一个标签系统，需要对所用的宝贝打标签 和 所有的帖子打标签
一 调整  宝贝分类
1、调整主要分类：只分为3大类 零食 食材 居家
2、修改 tag_group, 新增 code，根据cate，生成code。例如 零食 表示100，零食下的tag_group code 依次分为 101 102 等等，每个cate 下可以有99个tag_group
3、修改 tag ，新增code，根据tag_group 的code，生成 tag的 code,每个 tag_group下的code 有99个tag的tag code
4、尝试修改 url 地址，避免出现汉字
5、对于宝贝中的标签，采用search tag搜索模式。

二 调整  讨论吧功能 
    讨论吧的功能暂时不修改，但是，可能需要调整topic view 显示样式。    


三X 新增  食谱功能  放在小站中
X数据表
X1、新增数据表    食谱分类                                        
X2、新增数据表    食谱分类-食谱 关系表（多对多）
X3、新增数据表    食谱
X4、新增数据表    食谱评价（分为2类:提问求解、随意吐槽）
X5、新增数据表    秀手艺
X6、新增数据表    秀手艺评价
X7、新增数据表    食谱-秀手艺 关系表
X8、新增数据表    用户-喜欢-食谱
X9、新增数据表    用户-喜欢-秀手艺
X10、新增数据表   主题-食谱关系（这个可以有）
X11、新增数据表    宝贝标签（主要是食材标签）---食谱关系
页面
X1、新增页面          在用户后台，新增一个导航 食谱/手艺
X2、新增页面          食谱页面，放在页面导航中 （包含秀手艺部分）
X3、新增页面         食谱view 页面
X4、新增页面         食谱编辑 页面
X5、新增页面         食谱list 页面
X6、新增页面         秀手艺list 页面
X管理员后台
X1、新增食谱管理功能
X2、新增秀手艺管理功能


四 新增  小站功能
数据表
1、新增数据表            小站表 site （分为几类：生活  品牌站 其他）
2、新增数据表            小站样式表 site_style                                 (暂时不做)
3、新增数据表            小站用户 site_user  (班长 学委 同学等)
4、新增数据表            小站-相册 site_album 
5、新增数据表            小站视频 site_video
6、新增数据表            小站宝贝 site_baobei
7、新增数据表            小站主题 site_theme
8、新增数据表            小站帖子 site_post 
9、新增数据表             帖子 post  （分为几个类型：食谱、普通）
10、新增数据表            小站帖子回复 post_reply（秀厨艺，随意吐槽、提问求解）
11、新增数据库            用户喜欢帖子 user――love-post 关系表

页面
1、新增页面          在用户后台，新增一个导航 小站
2、新增页面          页面导航，新增小站页面
2、新增页面          页面导航，新增食谱页面
3、新增页面          小站view 页面
4、新增页面          小站编辑 页面
5、新增页面         小站帖子 页面
6、新增页面         小站帖子编辑 页面

功能
1、加入、退出小站功能
2、设置管理员功能
3、喜欢、取消喜欢 post 功能
4、post 帖子置顶功能
5、图片设置封面功能
6、
管理员后台
1、新增食谱管理功能
2、新增秀手艺管理功能


五 增加站内信功能






