1 重新梳理smeite.com 的相关信息，比如 关于我们、帮助中心，引导手册等等
2 在8月10日 申请 橙领计划
3 完善、丰富小镇内容
4 站内信
5 网站后台信息提醒，比如 新增了多少商品、新增的评论                      完成

8月份任务艰巨啊


8月12日

1、修改site favor，目前，遇到新增的dom ，无法操作                         完成
2、修改$.smeite.confirmUI ,为 arale conformbox,这里需要修改好几个地方    完成
3、修改goods topic user 等 favor，并上传smeite.favor                    完成

8月13日
1、添加post reply                                           over
2、修改发帖权限 ,即加入小镇之后才能发帖                     over
3、增加theme 评价                                           over
4、修改topic  评价                                          over
5、post 增加喜欢 favor                                      over
6、修改search result 并  修改 管理后台 post extra tag       over
7、 修改 css 中的图片（想去的背景图片）                     over
8 浏览次数统计                                              over

8 月 16日
1、缓存控制
2、smeite.com 简介等相关信息的修改                           over
3、首页内容调整                                               over
4、鲜生活页面
5、发布私房菜谱
6、友情链接                                                 over
7、站内信功能


8月20日
1、淘点金            ok
2、ie版本兼容        导航兼容已改

3、商品更新，查询淘宝接口，1、商品上下架更新  2、商品优惠信息更新


8 月 22日
1 修改 smeite.js 中的dialog和 全网站的dialog         over

8月27日
1、调整商品单页面，显示商品的配料表、添加剂等，并可以搜索相关信息      完成一半
2、鲜生活页面
3、站内信功能
4、发布商品有bug                                            over