今天7月18日，在本月底，完成smeite.cn 的所有版本更新工作

一、完善小镇功能（18-22）
	1、小镇页面
	2、加入小镇    Ok
	3、喜欢帖子
	4、回复帖子
	5、帖子编辑器模板
	6、提取帖子内容的图片 视频
	
二、完善数据功能（22-31）
	1、完善tag功能
	2、规划小镇
	3、准备帖子

三、全面测试网站（18-31）
	1、重点测试JS
	
	

7月25日
	1、发布帖子 限制
	2、view_num ajax 提交
	3、频道页面 cache 或者 频道页面数据cache
	
	
	
	
小镇--官方小镇
饮食文化 --- 美食典故 茶文化  酒文化  中西餐礼仪
健康指南  ---- 饮食小常识  饮食禁忌  养生妙法 中医保健  美容瘦身  母婴健康饮食
厨房百科  ---- 食材的选购及保存 生活有妙招  食材创意  烹饪技巧
食材百科 ---- 蔬果类（蔬菜 水果 薯类  菌藻） 生鲜类（畜肉 禽肉  鱼虾蟹贝 蛋类） 五谷（谷类 干豆  坚果种子）
家常菜谱 ----  家常菜谱 私家菜谱 凉菜



帖子专题
一、坚果专题   每种坚果，食材介绍一篇，菜谱几篇，常识几篇

1、榛子 —— 坚果之王
2、核桃 —— 养生之宝
3、松仁 —— 长寿之果
4、杏仁 —— 抗癌之果
5、板栗 —— 肾之果
6、葵花籽 —— 抗忧郁之果
7、开心果 —— 心脏之友
8、南瓜子 —— 驱虫之王
9、长生果
10、腰果
11 夏威夷果
