4月10日
1、新增购物分享功能
2、新增 新用户 见面礼

二、需要调整以下内容
1、在导航增加 返利 搜索功能
2、在商品页面 增加 集分宝
3、在商品跳转页面  增加具体的商品信息、购买信息 等，用户点击 去购物，并提升用户完善个人信息。
4、用户后台 需要 增加 一个集分宝板块：显示用户购买过的商品，用户点击购买的商品以及相关的信息等
5、在用户账号后台 增加 我的返利 功能：我的集分宝 我的食豆 我的奖品 邀请有奖
6、在管理员后台，需要增加淘宝客查询报表
7、在管理员后台，需要增加集分宝返还功能
8、在管理员后台，需要增加用户食豆提现功能

9、增加相关功能的说明:比如 集分宝 、食豆 使用方法

三 可能需要修改或者新增的数据表
6、需要记录商品的来源：分享 或者 返利查询
7、用户的购买记录表
8、淘宝客查询报表
9、用户提现表

开发

一、从header部分 进入搜索框。js处理获取类型: 0 网址，获取商品numIid ，1 关键词

1、输入网址:获取商品Iid后，程序判断是否已经收录，未收录，添加到数据库中，已收录，直接进入返利页面，返利页面通过组件调用相关信息，判断价格和淘宝客佣金是否变化，变化则ajax更新。
记录用户的购买商品信息（时间）
2、 输入关键词 ，按照目前程序走

二 开发用户后台功能 和 管理后台功能


2013年4月11日

gotoTaobao 页面调用淘宝客组件 这里需要把用户的id 当做out_code 传给淘宝客组件
问题：用户登录状态
1、用户在登录中，直接传 直接使用click url to 淘宝
2、用户未登陆，给一个提示：直接去淘宝购买，若选择了直接去购买，则直接使用click 处理。
   调用登陆框，刷新页面


2013年4月15日
   返利2条线：
   分享的商品返利:
  查询商品返利:


