#
# A fatal error has been detected by the Java Runtime Environment:
#
#  EXCEPTION_ACCESS_VIOLATION (0xc0000005) at pc=0x6d8a4663, pid=5532, tid=2136
#
# JRE version: 6.0_18-b07
# Java VM: Java HotSpot(TM) Client VM (16.0-b13 mixed mode windows-x86 )
# Problematic frame:
# V  [jvm.dll+0xa4663]
#
# If you would like to submit a bug report, please visit:
#   http://java.sun.com/webapps/bugreport/crash.jsp
#

---------------  T H R E A D  ---------------

Current thread (0x54e90000):  VMThread [stack: 0x54f20000,0x54f70000] [id=2136]

siginfo: ExceptionCode=0xc0000005, reading address 0x0045df5e

Registers:
EAX=0x0045df5a, EBX=0x00319c70, ECX=0x00319c70, EDX=0x249769cc
ESP=0x54f6f944, EBP=0x54f6f958, ESI=0x04f11881, EDI=0x54f6fa64
EIP=0x6d8a4663, EFLAGS=0x00010206

Top of Stack: (sp=0x54f6f944)
0x54f6f944:   249769bc 45fe2938 00000020 00319c70
0x54f6f954:   00000008 54f6f978 6d8dc551 04f11881
0x54f6f964:   2499cad8 249769b0 54f6fa64 45fe2940
0x54f6f974:   45fe27d8 54f6f998 6d9aefb8 249769b0
0x54f6f984:   249769cc 0031c640 54f6fa64 0031bde4
0x54f6f994:   0031c750 54f6f9ac 6d8ce751 54f6fa64
0x54f6f9a4:   0031bd90 00000001 54f6f9c4 6d8c8575
0x54f6f9b4:   54f6fa64 00000000 0031bd90 54f6fa4c 

Instructions: (pc=0x6d8a4663)
0x6d8a4653:   83 ec 0c 53 56 8b 75 08 8b 46 04 83 c0 08 8b d9
0x6d8a4663:   8b 48 04 57 8b f9 c1 ff 02 85 c9 89 5d f8 89 4d 


Stack: [0x54f20000,0x54f70000],  sp=0x54f6f944,  free space=13e54f6f4b8k
Native frames: (J=compiled Java code, j=interpreted, Vv=VM code, C=native code)
V  [jvm.dll+0xa4663]
V  [jvm.dll+0xdc551]
V  [jvm.dll+0x1aefb8]
V  [jvm.dll+0xce751]
V  [jvm.dll+0xc8575]
V  [jvm.dll+0xa3097]
V  [jvm.dll+0xc9398]
V  [jvm.dll+0x7e7cb]
V  [jvm.dll+0x1f442b]
V  [jvm.dll+0x1f6ed3]
V  [jvm.dll+0x1f615e]
V  [jvm.dll+0x1f64ac]
V  [jvm.dll+0x1f68d2]
V  [jvm.dll+0x17f9cc]
C  [msvcr71.dll+0x9565]
C  [kernel32.dll+0xb729]

VM_Operation (0x595aeffc): GenCollectForAllocation, mode: safepoint, requested by thread 0x583cd400


---------------  P R O C E S S  ---------------

Java Threads: ( => current thread )
  0x583e5400 JavaThread "pool-30-thread-5" [_thread_blocked, id=4376, stack(0x596b0000,0x597b0000)]
  0x58029c00 JavaThread "pool-30-thread-4" [_thread_blocked, id=2996, stack(0x595b0000,0x596b0000)]
  0x583cd400 JavaThread "pool-30-thread-3" [_thread_blocked, id=2632, stack(0x594b0000,0x595b0000)]
  0x58112400 JavaThread "pool-30-thread-2" [_thread_blocked, id=6136, stack(0x593b0000,0x594b0000)]
  0x57d46c00 JavaThread "pool-30-thread-1" [_thread_blocked, id=1064, stack(0x588b0000,0x589b0000)]
  0x584aec00 JavaThread "play-akka.actor.default-dispatcher-37" [_thread_blocked, id=2972, stack(0x5b8b0000,0x5b9b0000)]
  0x57964400 JavaThread "net.sf.ehcache.CacheManager@bc4053" daemon [_thread_blocked, id=5900, stack(0x587b0000,0x588b0000)]
  0x57c69800 JavaThread "BoneCP-pool-watch-thread" daemon [_thread_blocked, id=4876, stack(0x586b0000,0x587b0000)]
  0x57b0e800 JavaThread "BoneCP-max-alive-scheduler" daemon [_thread_blocked, id=5692, stack(0x585b0000,0x586b0000)]
  0x57b49c00 JavaThread "BoneCP-keep-alive-scheduler" daemon [_thread_blocked, id=5104, stack(0x573b0000,0x574b0000)]
  0x579bc800 JavaThread "com.google.common.base.internal.Finalizer" daemon [_thread_blocked, id=3580, stack(0x572b0000,0x573b0000)]
  0x57811400 JavaThread "com.google.common.base.internal.Finalizer" daemon [_thread_blocked, id=1108, stack(0x571b0000,0x572b0000)]
  0x57c51400 JavaThread "com.google.common.base.internal.Finalizer" daemon [_thread_blocked, id=1632, stack(0x570b0000,0x571b0000)]
  0x578a7400 JavaThread "play-internal-execution-context-4" [_thread_blocked, id=5240, stack(0x592b0000,0x593b0000)]
  0x577b9000 JavaThread "play-internal-execution-context-3" [_thread_blocked, id=4812, stack(0x591b0000,0x592b0000)]
  0x577b7800 JavaThread "play-internal-execution-context-2" [_thread_blocked, id=4168, stack(0x590b0000,0x591b0000)]
  0x577b7400 JavaThread "iteratee-execution-context-4" [_thread_blocked, id=6076, stack(0x58fb0000,0x590b0000)]
  0x55fec400 JavaThread "iteratee-execution-context-3" [_thread_blocked, id=3052, stack(0x58eb0000,0x58fb0000)]
  0x5618f000 JavaThread "iteratee-execution-context-2" [_thread_blocked, id=4628, stack(0x58db0000,0x58eb0000)]
  0x5618d400 JavaThread "play-internal-execution-context-1" [_thread_blocked, id=5244, stack(0x58cb0000,0x58db0000)]
  0x5762e400 JavaThread "iteratee-execution-context-1" [_thread_blocked, id=5168, stack(0x58bb0000,0x58cb0000)]
  0x57727400 JavaThread "Timer-0" [_thread_blocked, id=2948, stack(0x58ab0000,0x58bb0000)]
  0x576a5800 JavaThread "play-scheduler-1" [_thread_blocked, id=2840, stack(0x589b0000,0x58ab0000)]
  0x57669800 JavaThread "com.google.common.base.internal.Finalizer" daemon [_thread_blocked, id=3760, stack(0x56fb0000,0x570b0000)]
  0x56284800 JavaThread "Abandoned connection cleanup thread" daemon [_thread_blocked, id=2904, stack(0x56eb0000,0x56fb0000)]
  0x563ca400 JavaThread "Scala Presentation Compiler []" [_thread_blocked, id=4656, stack(0x584b0000,0x585b0000)]
  0x55f9f400 JavaThread "Thread-2" daemon [_thread_in_native, id=1728, stack(0x56460000,0x564b0000)]
  0x560ad400 JavaThread "New I/O server boss #9" [_thread_in_native, id=5496, stack(0x56db0000,0x56eb0000)]
  0x559d6400 JavaThread "New I/O worker #8" [_thread_in_native, id=4664, stack(0x56cb0000,0x56db0000)]
  0x55964400 JavaThread "New I/O worker #7" [_thread_in_native, id=3596, stack(0x56bb0000,0x56cb0000)]
  0x56077400 JavaThread "New I/O worker #6" [_thread_in_native, id=4688, stack(0x56ab0000,0x56bb0000)]
  0x558a1400 JavaThread "New I/O worker #5" [_thread_in_native, id=4380, stack(0x569b0000,0x56ab0000)]
  0x558bc400 JavaThread "New I/O worker #4" [_thread_in_native, id=3620, stack(0x568b0000,0x569b0000)]
  0x55fd0400 JavaThread "New I/O worker #3" [_thread_blocked, id=924, stack(0x567b0000,0x568b0000)]
  0x55f5d800 JavaThread "New I/O worker #2" [_thread_in_native, id=5276, stack(0x566b0000,0x567b0000)]
  0x55f5d400 JavaThread "New I/O worker #1" [_thread_in_native, id=3700, stack(0x565b0000,0x566b0000)]
  0x54eb3800 JavaThread "Low Memory Detector" daemon [_thread_blocked, id=4396, stack(0x553c0000,0x554c0000)]
  0x54eaa000 JavaThread "CompilerThread0" daemon [_thread_blocked, id=4588, stack(0x55370000,0x553c0000)]
  0x54ea8800 JavaThread "Attach Listener" daemon [_thread_blocked, id=1408, stack(0x55270000,0x55370000)]
  0x54ed5400 JavaThread "Signal Dispatcher" daemon [_thread_blocked, id=3404, stack(0x55170000,0x55270000)]
  0x54e97800 JavaThread "Finalizer" daemon [_thread_blocked, id=1800, stack(0x55070000,0x55170000)]
  0x54e92c00 JavaThread "Reference Handler" daemon [_thread_blocked, id=5776, stack(0x54f70000,0x55070000)]
  0x00316c00 JavaThread "main" [_thread_in_native, id=5560, stack(0x009f0000,0x00af0000)]

Other Threads:
=>0x54e90000 VMThread [stack: 0x54f20000,0x54f70000] [id=2136]
  0x54ebec00 WatcherThread [stack: 0x554c0000,0x55510000] [id=4340]

VM state:at safepoint (normal execution)

VM Mutex/Monitor currently owned by a thread:  ([mutex/lock_event])
[0x00315a30] Threads_lock - owner thread: 0x54e90000
[0x00315e40] Heap_lock - owner thread: 0x583cd400

Heap
 def new generation   total 157440K, used 157406K [0x02ba0000, 0x0d670000, 0x180f0000)
  eden space 139968K,  99% used [0x02ba0000, 0x0b4479d8, 0x0b450000)
  from space 17472K, 100% used [0x0b450000, 0x0c560000, 0x0c560000)
  to   space 17472K, 100% used [0x0c560000, 0x0d670000, 0x0d670000)
 tenured generation   total 349568K, used 205795K [0x180f0000, 0x2d650000, 0x42ba0000)
   the space 349568K,  58% used [0x180f0000, 0x249e8ee8, 0x249e9000, 0x2d650000)
 compacting perm gen  total 84480K, used 84340K [0x42ba0000, 0x47e20000, 0x52ba0000)
   the space 84480K,  99% used [0x42ba0000, 0x47dfd060, 0x47dfd200, 0x47e20000)
No shared spaces configured.

Dynamic libraries:
0x00400000 - 0x00424000 	C:\WINDOWS\system32\java.exe
0x7c920000 - 0x7c9b6000 	C:\WINDOWS\system32\ntdll.dll
0x7c800000 - 0x7c91e000 	C:\WINDOWS\system32\kernel32.dll
0x77da0000 - 0x77e49000 	C:\WINDOWS\system32\ADVAPI32.dll
0x77e50000 - 0x77ee3000 	C:\WINDOWS\system32\RPCRT4.dll
0x77fc0000 - 0x77fd1000 	C:\WINDOWS\system32\Secur32.dll
0x7c340000 - 0x7c396000 	D:\Java\jre6\bin\msvcr71.dll
0x6d800000 - 0x6da97000 	D:\Java\jre6\bin\client\jvm.dll
0x77d10000 - 0x77da0000 	C:\WINDOWS\system32\USER32.dll
0x77ef0000 - 0x77f39000 	C:\WINDOWS\system32\GDI32.dll
0x76b10000 - 0x76b3a000 	C:\WINDOWS\system32\WINMM.dll
0x76300000 - 0x7631d000 	C:\WINDOWS\system32\IMM32.DLL
0x62c20000 - 0x62c29000 	C:\WINDOWS\system32\LPK.DLL
0x73fa0000 - 0x7400b000 	C:\WINDOWS\system32\USP10.dll
0x6d7b0000 - 0x6d7bc000 	D:\Java\jre6\bin\verify.dll
0x6d330000 - 0x6d34f000 	D:\Java\jre6\bin\java.dll
0x6d290000 - 0x6d298000 	D:\Java\jre6\bin\hpi.dll
0x76bc0000 - 0x76bcb000 	C:\WINDOWS\system32\PSAPI.DLL
0x6d7f0000 - 0x6d7ff000 	D:\Java\jre6\bin\zip.dll
0x6d610000 - 0x6d623000 	D:\Java\jre6\bin\net.dll
0x71a20000 - 0x71a37000 	C:\WINDOWS\system32\WS2_32.dll
0x77be0000 - 0x77c38000 	C:\WINDOWS\system32\msvcrt.dll
0x71a10000 - 0x71a18000 	C:\WINDOWS\system32\WS2HELP.dll
0x6d630000 - 0x6d639000 	D:\Java\jre6\bin\nio.dll
0x55b70000 - 0x55b78000 	C:\Documents and Settings\Administrator\Local Settings\Temp\jline_0_12_2.dll
0x68000000 - 0x68036000 	C:\WINDOWS\system32\rsaenh.dll
0x759d0000 - 0x75a7f000 	C:\WINDOWS\system32\USERENV.dll
0x5fdd0000 - 0x5fe25000 	C:\WINDOWS\system32\netapi32.dll
0x719c0000 - 0x719fe000 	C:\WINDOWS\System32\mswsock.dll
0x76ef0000 - 0x76f17000 	C:\WINDOWS\system32\DNSAPI.dll
0x76d30000 - 0x76d48000 	C:\WINDOWS\system32\iphlpapi.dll
0x76f80000 - 0x76f88000 	C:\WINDOWS\System32\winrnr.dll
0x76f30000 - 0x76f5c000 	C:\WINDOWS\system32\WLDAP32.dll
0x76f90000 - 0x76f96000 	C:\WINDOWS\system32\rasadhlp.dll
0x67540000 - 0x67610000 	C:\smeite\target\native_libraries\32bits\jnotify.dll
0x60fd0000 - 0x61025000 	C:\WINDOWS\system32\hnetcfg.dll
0x71a00000 - 0x71a08000 	C:\WINDOWS\System32\wshtcpip.dll

VM Arguments:
jvm_args: -Xms512M -Xmx1024M -Xss1M -XX:+CMSClassUnloadingEnabled -XX:MaxPermSize=256M -Dfile.encoding=UTF-8 -Dplay.version=2.1.1 -Dsbt.ivy.home=C:\play21\framework\..\repository -Dplay.home=C:\play21\framework\. -Dsbt.boot.properties=file:///C:/play21/framework/sbt/sbt.boot.properties 
java_command: C:\play21\framework\sbt\sbt-launch.jar play
Launcher Type: SUN_STANDARD

Environment Variables:
JAVA_HOME=D:\Java\jdk1.6.0_18
PATH=C:\Program Files\Common Files\NetSarang;C:\Program Files\Intel\iCLS Client\;C:\WINDOWS\system32;C:\WINDOWS;C:\WINDOWS\System32\Wbem;C:\Program Files\Intel\Intel(R) Management Engine Components\DAL;C:\Program Files\Intel\Intel(R) Management Engine Components\IPT;D:\MySQL\MySQL Server 5.5\bin;C:\nodejs\;D:\Java\jdk1.6.0_18/bin;D:\Java\jdk1.6.0_18/jre/bin;C:\play21;D:\Program Files\Git;C:\Documents and Settings\Administrator\Application Data\npm
USERNAME=Administrator
OS=Windows_NT
PROCESSOR_IDENTIFIER=x86 Family 6 Model 58 Stepping 9, GenuineIntel



---------------  S Y S T E M  ---------------

OS: Windows XP Build 2600 Service Pack 3

CPU:total 4 (8 cores per cpu, 2 threads per core) family 6 model 58 stepping 9, cmov, cx8, fxsr, mmx, sse, sse2, sse3, ssse3, sse4.1, sse4.2, popcnt, ht

Memory: 4k page, physical 2232220k(515524k free), swap 4173204k(2079328k free)

vm_info: Java HotSpot(TM) Client VM (16.0-b13) for windows-x86 JRE (1.6.0_18-b07), built on Dec 17 2009 13:35:55 by "java_re" with MS VC++ 7.1 (VS2003)

time: Wed Jul 10 19:29:28 2013
elapsed time: 2662 seconds

