#
# A fatal error has been detected by the Java Runtime Environment:
#
#  EXCEPTION_ACCESS_VIOLATION (0xc0000005) at pc=0x6d8093a9, pid=2624, tid=2948
#
# JRE version: 6.0_18-b07
# Java VM: Java HotSpot(TM) Client VM (16.0-b13 mixed mode windows-x86 )
# Problematic frame:
# V  [jvm.dll+0x93a9]
#
# If you would like to submit a bug report, please visit:
#   http://java.sun.com/webapps/bugreport/crash.jsp
#

---------------  T H R E A D  ---------------

Current thread (0x54e8fc00):  VMThread [stack: 0x54f20000,0x54f70000] [id=2948]

siginfo: ExceptionCode=0xc0000005, reading address 0x40ba02c0

Registers:
EAX=0x00000001, EBX=0x43670880, ECX=0x00000001, EDX=0x40ba0258
ESP=0x54f6fb40, EBP=0x54f6fb40, ESI=0x42bd2070, EDI=0x00000001
EIP=0x6d8093a9, EFLAGS=0x00010297

Top of Stack: (sp=0x54f6fb40)
0x54f6fb40:   54f6fb54 6d809417 42bd2070 42bd2070
0x54f6fb50:   000000d7 54f6fb68 6d80944e 00000003
0x54f6fb60:   000000d7 43670c00 54f6fb80 6d89dfda
0x54f6fb70:   43670c00 6da54aec 42bb6e38 0031b9e8
0x54f6fb80:   54f6fb94 6d95df8a 43670880 6d95e222
0x54f6fb90:   6da54aec 54f6fba8 6d9e1e14 6da6ca00
0x54f6fba0:   6da54aec 0031b9e8 54f6fbc4 6d9a1aad
0x54f6fbb0:   6da54aec 00000000 6da54aec 6da54aec 

Instructions: (pc=0x6d8093a9)
0x6d809399:   f8 05 75 06 32 c0 5d c2 04 00 8b 55 08 8b 52 04
0x6d8093a9:   8b 52 68 83 e2 07 80 fa 05 75 06 b0 01 5d c2 04 


Stack: [0x54f20000,0x54f70000],  sp=0x54f6fb40,  free space=13e54f6f6b4k
Native frames: (J=compiled Java code, j=interpreted, Vv=VM code, C=native code)
V  [jvm.dll+0x93a9]
V  [jvm.dll+0x9417]
V  [jvm.dll+0x944e]
V  [jvm.dll+0x9dfda]
V  [jvm.dll+0x15df8a]
V  [jvm.dll+0x1e1e14]
V  [jvm.dll+0x1a1aad]
V  [jvm.dll+0xc834f]
V  [jvm.dll+0xca01c]
V  [jvm.dll+0xca370]
V  [jvm.dll+0xce42a]
V  [jvm.dll+0x1d8592]
V  [jvm.dll+0xc9398]
V  [jvm.dll+0x7e7cb]
V  [jvm.dll+0x1f442b]
V  [jvm.dll+0x1f6ed3]
V  [jvm.dll+0x1f615e]
V  [jvm.dll+0x1f64ac]
V  [jvm.dll+0x1f68d2]
V  [jvm.dll+0x17f9cc]
C  [msvcr71.dll+0x9565]
C  [kernel32.dll+0xb729]

VM_Operation (0x586cd2a4): GenCollectForAllocation, mode: safepoint, requested by thread 0x573f5c00


---------------  P R O C E S S  ---------------

Java Threads: ( => current thread )
  0x573f5c00 JavaThread "pool-24-thread-3" [_thread_blocked, id=4436, stack(0x585d0000,0x586d0000)]
  0x57238400 JavaThread "play-akka.actor.default-dispatcher-96" [_thread_blocked, id=4332, stack(0x58cd0000,0x58dd0000)]
  0x57a8a800 JavaThread "net.sf.ehcache.CacheManager@1e90070" daemon [_thread_blocked, id=5416, stack(0x582d0000,0x583d0000)]
  0x5750cc00 JavaThread "BoneCP-pool-watch-thread" daemon [_thread_blocked, id=5408, stack(0x581d0000,0x582d0000)]
  0x57924000 JavaThread "BoneCP-max-alive-scheduler" daemon [_thread_blocked, id=5576, stack(0x580d0000,0x581d0000)]
  0x5740a000 JavaThread "BoneCP-keep-alive-scheduler" daemon [_thread_blocked, id=3956, stack(0x57fd0000,0x580d0000)]
  0x56400c00 JavaThread "com.google.common.base.internal.Finalizer" daemon [_thread_blocked, id=5672, stack(0x56ce0000,0x56de0000)]
  0x57371400 JavaThread "play-internal-execution-context-2" [_thread_blocked, id=3836, stack(0x58bd0000,0x58cd0000)]
  0x57902800 JavaThread "iteratee-execution-context-2" [_thread_blocked, id=1520, stack(0x58ad0000,0x58bd0000)]
  0x57367400 JavaThread "play-internal-execution-context-1" [_thread_blocked, id=3596, stack(0x589d0000,0x58ad0000)]
  0x57bbb800 JavaThread "iteratee-execution-context-1" [_thread_blocked, id=2656, stack(0x588d0000,0x589d0000)]
  0x574b5400 JavaThread "Timer-0" [_thread_blocked, id=3192, stack(0x587d0000,0x588d0000)]
  0x563d9800 JavaThread "play-scheduler-1" [_thread_blocked, id=3828, stack(0x586d0000,0x587d0000)]
  0x57396400 JavaThread "com.google.common.base.internal.Finalizer" daemon [_thread_blocked, id=2368, stack(0x56be0000,0x56ce0000)]
  0x5726c400 JavaThread "Abandoned connection cleanup thread" daemon [_thread_blocked, id=2112, stack(0x56ae0000,0x56be0000)]
  0x562a2c00 JavaThread "Scala Presentation Compiler []" [_thread_blocked, id=1804, stack(0x56ed0000,0x56fd0000)]
  0x55e82400 JavaThread "Thread-2" daemon [_thread_in_native, id=1676, stack(0x56480000,0x564d0000)]
  0x54f1c400 JavaThread "New I/O server boss #5" [_thread_in_native, id=4016, stack(0x569d0000,0x56ad0000)]
  0x55fe0800 JavaThread "New I/O worker #4" [_thread_blocked, id=3496, stack(0x568d0000,0x569d0000)]
  0x55fe0400 JavaThread "New I/O worker #3" [_thread_blocked, id=2396, stack(0x567d0000,0x568d0000)]
  0x54f0c400 JavaThread "New I/O worker #2" [_thread_blocked, id=3920, stack(0x566d0000,0x567d0000)]
  0x55fe4000 JavaThread "New I/O worker #1" [_thread_blocked, id=3200, stack(0x565d0000,0x566d0000)]
  0x54eb4000 JavaThread "Low Memory Detector" daemon [_thread_blocked, id=3128, stack(0x553c0000,0x554c0000)]
  0x54ea9c00 JavaThread "CompilerThread0" daemon [_thread_blocked, id=1060, stack(0x55370000,0x553c0000)]
  0x54ea8800 JavaThread "Attach Listener" daemon [_thread_blocked, id=2168, stack(0x55270000,0x55370000)]
  0x54ed6800 JavaThread "Signal Dispatcher" daemon [_thread_blocked, id=2232, stack(0x55170000,0x55270000)]
  0x54e97400 JavaThread "Finalizer" daemon [_thread_blocked, id=2632, stack(0x55070000,0x55170000)]
  0x54e92800 JavaThread "Reference Handler" daemon [_thread_blocked, id=1856, stack(0x54f70000,0x55070000)]
  0x00316400 JavaThread "main" [_thread_in_native, id=1924, stack(0x009f0000,0x00af0000)]

Other Threads:
=>0x54e8fc00 VMThread [stack: 0x54f20000,0x54f70000] [id=2948]
  0x54eb6c00 WatcherThread [stack: 0x554c0000,0x55510000] [id=2240]

VM state:at safepoint (normal execution)

VM Mutex/Monitor currently owned by a thread:  ([mutex/lock_event])
[0x00315858] Threads_lock - owner thread: 0x54e8fc00
[0x00315c68] Heap_lock - owner thread: 0x573f5c00

Heap
 def new generation   total 157440K, used 17471K [0x02ba0000, 0x0d670000, 0x180f0000)
  eden space 139968K,   0% used [0x02ba0000, 0x02ba0000, 0x0b450000)
  from space 17472K,  99% used [0x0b450000, 0x0c55fff8, 0x0c560000)
  to   space 17472K,   0% used [0x0c560000, 0x0c560000, 0x0d670000)
 tenured generation   total 352896K, used 352895K [0x180f0000, 0x2d990000, 0x42ba0000)
   the space 352896K,  99% used [0x180f0000, 0x2d98ffe0, 0x2d990000, 0x2d990000)
 compacting perm gen  total 96256K, used 96200K [0x42ba0000, 0x489a0000, 0x52ba0000)
   the space 96256K,  99% used [0x42ba0000, 0x48992338, 0x48992400, 0x489a0000)
No shared spaces configured.

Dynamic libraries:
0x00400000 - 0x00424000 	C:\WINDOWS\system32\java.exe
0x7c920000 - 0x7c9b6000 	C:\WINDOWS\system32\ntdll.dll
0x7c800000 - 0x7c91e000 	C:\WINDOWS\system32\kernel32.dll
0x77da0000 - 0x77e49000 	C:\WINDOWS\system32\ADVAPI32.dll
0x77e50000 - 0x77ee3000 	C:\WINDOWS\system32\RPCRT4.dll
0x77fc0000 - 0x77fd1000 	C:\WINDOWS\system32\Secur32.dll
0x7c340000 - 0x7c396000 	D:\Java\jre6\bin\msvcr71.dll
0x6d800000 - 0x6da97000 	D:\Java\jre6\bin\client\jvm.dll
0x77d10000 - 0x77da0000 	C:\WINDOWS\system32\USER32.dll
0x77ef0000 - 0x77f39000 	C:\WINDOWS\system32\GDI32.dll
0x76b10000 - 0x76b3a000 	C:\WINDOWS\system32\WINMM.dll
0x76300000 - 0x7631d000 	C:\WINDOWS\system32\IMM32.DLL
0x62c20000 - 0x62c29000 	C:\WINDOWS\system32\LPK.DLL
0x73fa0000 - 0x7400b000 	C:\WINDOWS\system32\USP10.dll
0x6d7b0000 - 0x6d7bc000 	D:\Java\jre6\bin\verify.dll
0x6d330000 - 0x6d34f000 	D:\Java\jre6\bin\java.dll
0x6d290000 - 0x6d298000 	D:\Java\jre6\bin\hpi.dll
0x76bc0000 - 0x76bcb000 	C:\WINDOWS\system32\PSAPI.DLL
0x6d7f0000 - 0x6d7ff000 	D:\Java\jre6\bin\zip.dll
0x6d610000 - 0x6d623000 	D:\Java\jre6\bin\net.dll
0x71a20000 - 0x71a37000 	C:\WINDOWS\system32\WS2_32.dll
0x77be0000 - 0x77c38000 	C:\WINDOWS\system32\msvcrt.dll
0x71a10000 - 0x71a18000 	C:\WINDOWS\system32\WS2HELP.dll
0x6d630000 - 0x6d639000 	D:\Java\jre6\bin\nio.dll
0x55b60000 - 0x55b68000 	C:\Documents and Settings\Administrator\Local Settings\Temp\jline_0_12_2.dll
0x68000000 - 0x68036000 	C:\WINDOWS\system32\rsaenh.dll
0x759d0000 - 0x75a7f000 	C:\WINDOWS\system32\USERENV.dll
0x5fdd0000 - 0x5fe25000 	C:\WINDOWS\system32\netapi32.dll
0x719c0000 - 0x719fe000 	C:\WINDOWS\System32\mswsock.dll
0x76ef0000 - 0x76f17000 	C:\WINDOWS\system32\DNSAPI.dll
0x76d30000 - 0x76d48000 	C:\WINDOWS\system32\iphlpapi.dll
0x76f80000 - 0x76f88000 	C:\WINDOWS\System32\winrnr.dll
0x76f30000 - 0x76f5c000 	C:\WINDOWS\system32\WLDAP32.dll
0x64000000 - 0x64021000 	C:\Program Files\Bonjour\mdnsNSP.dll
0x76f90000 - 0x76f96000 	C:\WINDOWS\system32\rasadhlp.dll
0x67540000 - 0x67610000 	C:\smeite\target\native_libraries\32bits\jnotify.dll
0x60fd0000 - 0x61025000 	C:\WINDOWS\system32\hnetcfg.dll
0x71a00000 - 0x71a08000 	C:\WINDOWS\System32\wshtcpip.dll
0x76d70000 - 0x76d92000 	C:\WINDOWS\system32\Apphelp.dll

VM Arguments:
jvm_args: -Xms512M -Xmx1024M -Xss1M -XX:+CMSClassUnloadingEnabled -XX:MaxPermSize=256M -Dfile.encoding=UTF-8 -Dplay.version=2.1.1 -Dsbt.ivy.home=C:\play21\framework\..\repository -Dplay.home=C:\play21\framework\. -Dsbt.boot.properties=file:///C:/play21/framework/sbt/sbt.boot.properties 
java_command: C:\play21\framework\sbt\sbt-launch.jar play
Launcher Type: SUN_STANDARD

Environment Variables:
JAVA_HOME=D:\Java\jdk1.6.0_18
PATH=C:\Program Files\Common Files\NetSarang;C:\WINDOWS\system32;C:\WINDOWS;C:\WINDOWS\System32\Wbem;D:\Program Files\MySQL\MySQL Server 5.5\bin;D:\Java\jdk1.6.0_18/bin;D:\Java\jdk1.6.0_18/jre/bin;C:\sbt;C:\scala\bin;C:\play21;
USERNAME=Administrator
OS=Windows_NT
PROCESSOR_IDENTIFIER=x86 Family 6 Model 15 Stepping 13, GenuineIntel



---------------  S Y S T E M  ---------------

OS: Windows XP Build 2600 Service Pack 3

CPU:total 2 (2 cores per cpu, 1 threads per core) family 6 model 15 stepping 13, cmov, cx8, fxsr, mmx, sse, sse2, sse3, ssse3

Memory: 4k page, physical 2095468k(87180k free), swap 4030396k(1742052k free)

vm_info: Java HotSpot(TM) Client VM (16.0-b13) for windows-x86 JRE (1.6.0_18-b07), built on Dec 17 2009 13:35:55 by "java_re" with MS VC++ 7.1 (VS2003)

time: Tue Apr 09 21:36:35 2013
elapsed time: 4862 seconds

