5月6日----5月12日 一周运营日志
一 完善网站内容
   1、完善搜索*返利教程                                                初步完成
   2、完善 集分宝 说明                                                 初步完成
   3、完善 食豆 说明                                                    初步完成
   4、完善 招商 说明                                                   初步完成
   5、完善 网站定位 说明                                                完成
   6、完善引导用户注册、诱导用户填写支付宝说明
   7、完善讨论吧的主题内容
   8、完善首页flash 右侧的 内容，至少做到每天更新
   9、完善 关于我们 等网站底部说明                                       完成
   10、完善一些图片

二 测试网站功能，（包括页面显示问题）
   1、测试 搜索 返利功能、页面（这里的问题可能比较多）               已解决
   2、测试 goods页面 集分宝  功能
   3、测试 user——order 功能
   4、测试 taobao-income 功能
   5、测试user-rebate 用户返现功能
   6、测试 用户积分提现功能
   7、测试 用户 提现食豆功能
   8、测试 邀请有奖功能
   9、测试 新用户 见面有礼功能
   10、测试  签到有礼 功能
