
改造淘宝客，获得url地址

1、所有页面上 显示的 集分宝 取消                  已改为baobei 页面
2、用户购买流程中的 集分宝 取消，改为赠送食豆      已在宝贝页面上直接跳转到淘宝中
3、取消taobaoke 更新，改为 taobao.get 更新         可以考虑手动添加click_url 或者用 淘点金 生成click_url



********** 创建站内信

********** 考虑 创造 小镇 即 兴趣组

一、小镇 可以参考 点点  豆瓣   想去 的小镇 功能



二、小镇的table 表

1、site               小镇
2、site_user          小镇用户  居民有级别，对应有权限
3、site_post          小镇的帖子
4、site_post_reply    小镇帖子的回复

5、site_album         小镇相册
6、site_baobei       小镇宝贝
7、site_video         小镇视频



小镇开发规划
1、在用户后台增加 小镇
2、在前台页面 增加小镇
3、增加小镇 post 页面
4、增加小镇 post list 页面



